<?xml version="1.0" encoding="UTF-8"?>
<!-- Generated by org.testng.reporters.JUnitXMLReporter -->
<testsuite ignored="1" hostname="Surya" failures="0" tests="17" name="Surefire test" time="212.037" errors="0" timestamp="15 Nov 2023 13:51:56 GMT">
  <testcase classname="com.naveenautomationlabs.PageTests.AccountLogOutTest" name="validateUserCanLogoutFromTheirAccount" time="4.71"/>
  <testcase classname="com.naveenautomationlabs.PageTests.NewsletterPageTest" name="validateIfNewsletterCanBeSubscribed" time="4.271"/>
  <testcase classname="com.naveenautomationlabs.PageTests.NewsletterPageTest" name="validateIfNewsletterCanBeUnSubscribed" time="7.663"/>
  <testcase classname="com.naveenautomationlabs.PageTests.AddressBookPageTest" name="validateIfAnUserCanAddANewAddressToAddressBook" time="10.49"/>
  <testcase classname="com.naveenautomationlabs.PageTests.AddressBookPageTest" name="validateIfAnUserCanDeleteAnExistingAddressInAddressBook" time="6.187"/>
  <testcase classname="com.naveenautomationlabs.PageTests.AddressBookPageTest" name="validateIfUserCanEditAnExistingAddressInAddressBook" time="6.393"/>
  <testcase classname="com.naveenautomationlabs.PageTests.ProductReturnsTest" name="validateUserCanViewReturns" time="5.348"/>
  <testcase classname="com.naveenautomationlabs.PageTests.ContactUsPageTest" name="validateIfALoggedInUserCanSubmitAContactUsFormWithABlankEnquiry" time="5.854"/>
  <testcase classname="com.naveenautomationlabs.PageTests.ContactUsPageTest" name="validateIfALoggedInUserCanSubmitContactUs" time="9.883"/>
  <testcase classname="com.naveenautomationlabs.PageTests.ContactUsPageTest" name="validateIfAUserCanSubmitABlankContactUsFormWithoutLoggingIn" time="2.245"/>
  <testcase classname="com.naveenautomationlabs.PageTests.ContactUsPageTest" name="validateIfAUserCanSubmitAContactUsFormWithoutLoggingIn" time="5.914"/>
  <testcase classname="com.naveenautomationlabs.PageTests.EditAccountInfoTest" name="validateUserCanEditName" time="5.01"/>
  <testcase classname="com.naveenautomationlabs.PageTests.EditAccountInfoTest" name="validateUserCanEditTelephone" time="4.999"/>
  <testcase classname="com.naveenautomationlabs.PageTests.ForgotYourPasswordTest" name="validateUserCannotRetreivePasswordOfAnInvalidEmail" time="1.925"/>
  <testcase classname="com.naveenautomationlabs.PageTests.HomePageTest" name="validateUserCanNavigateToHomepageAfterLoggingOut" time="9.092"/>
  <testcase classname="com.naveenautomationlabs.PageTests.LoginTest" name="validateUserCanLoginWithValidCredentials" time="1.738"/>
  <testcase classname="com.naveenautomationlabs.PageTests.LoginTest" name="validateUserCannotLoginWithInvalidCredentials" time="3.94"/>
  <testcase classname="com.naveenautomationlabs.PageTests.MyAccountTest" name="validateUserCanUpdatePassword" time="0.0">
    <ignored/>
  </testcase> <!-- validateUserCanUpdatePassword -->
</testsuite> <!-- Surefire test -->
