<?xml version="1.0" encoding="UTF-8"?>
<!-- Generated by org.testng.reporters.JUnitXMLReporter -->
<testsuite ignored="1" hostname="Surya" failures="0" tests="1" name="Default test" time="11.746" errors="0" timestamp="2023-11-15T11:37:26 EST">
  <testcase classname="com.naveenautomationlabs.PageTests.LaptopsAndNotebooksPageTest" name="validateIfWeCanToGridView" time="4.053"/>
  <testcase classname="com.naveenautomationlabs.PageTests.LaptopsAndNotebooksPageTest" name="validateIfWeCanToListView" time="0.0">
    <ignored/>
  </testcase> <!-- validateIfWeCanToListView -->
</testsuite> <!-- Default test -->
