<?xml version="1.0" encoding="UTF-8"?>
<!-- Generated by org.testng.reporters.JUnitXMLReporter -->
<testsuite ignored="1" hostname="Surya" failures="0" tests="17" name="Test" time="205.623" errors="0" timestamp="2023-11-15T08:43:16 EST">
  <testcase classname="com.naveenautomationlabs.PageTests.AccountLogOutTest" name="validateUserCanLogoutFromTheirAccount" time="3.987"/>
  <testcase classname="com.naveenautomationlabs.PageTests.AddressBookPageTest" name="validateIfAnUserCanAddANewAddressToAddressBook" time="8.665"/>
  <testcase classname="com.naveenautomationlabs.PageTests.AddressBookPageTest" name="validateIfAnUserCanDeleteAnExistingAddressInAddressBook" time="4.7"/>
  <testcase classname="com.naveenautomationlabs.PageTests.AddressBookPageTest" name="validateIfUserCanEditAnExistingAddressInAddressBook" time="7.396"/>
  <testcase classname="com.naveenautomationlabs.PageTests.ContactUsPageTest" name="validateIfALoggedInUserCanSubmitAContactUsFormWithABlankEnquiry" time="3.525"/>
  <testcase classname="com.naveenautomationlabs.PageTests.ContactUsPageTest" name="validateIfALoggedInUserCanSubmitContactUs" time="7.211"/>
  <testcase classname="com.naveenautomationlabs.PageTests.ContactUsPageTest" name="validateIfAUserCanSubmitABlankContactUsFormWithoutLoggingIn" time="3.239"/>
  <testcase classname="com.naveenautomationlabs.PageTests.ContactUsPageTest" name="validateIfAUserCanSubmitAContactUsFormWithoutLoggingIn" time="6.688"/>
  <testcase classname="com.naveenautomationlabs.PageTests.EditAccountInfoTest" name="validateUserCanEditName" time="5.228"/>
  <testcase classname="com.naveenautomationlabs.PageTests.EditAccountInfoTest" name="validateUserCanEditTelephone" time="4.872"/>
  <testcase classname="com.naveenautomationlabs.PageTests.ForgotYourPasswordTest" name="validateUserCannotRetreivePasswordOfAnInvalidEmail" time="3.071"/>
  <testcase classname="com.naveenautomationlabs.PageTests.HomePageTest" name="validateUserCanNavigateToHomepageAfterLoggingOut" time="13.538"/>
  <testcase classname="com.naveenautomationlabs.PageTests.LoginTest" name="validateUserCanLoginWithValidCredentials" time="4.266"/>
  <testcase classname="com.naveenautomationlabs.PageTests.LoginTest" name="validateUserCannotLoginWithInvalidCredentials" time="1.662"/>
  <testcase classname="com.naveenautomationlabs.PageTests.NewsletterPageTest" name="validateIfNewsletterCanBeSubscribed" time="6.007"/>
  <testcase classname="com.naveenautomationlabs.PageTests.NewsletterPageTest" name="validateIfNewsletterCanBeUnSubscribed" time="6.987"/>
  <testcase classname="com.naveenautomationlabs.PageTests.ProductReturnsTest" name="validateUserCanViewReturns" time="3.396"/>
  <testcase classname="com.naveenautomationlabs.PageTests.MyAccountTest" name="validateUserCanUpdatePassword" time="0.0">
    <ignored/>
  </testcase> <!-- validateUserCanUpdatePassword -->
</testsuite> <!-- Test -->
