<?xml version="1.0" encoding="UTF-8"?>
<testsuite xmlns:xsi="http://www.w3.org/2001/XMLSchema-instance" xsi:noNamespaceSchemaLocation="https://maven.apache.org/surefire/maven-surefire-plugin/xsd/surefire-test-report.xsd" name="TestSuite" time="213.482" tests="17" errors="0" skipped="0" failures="0">
  <properties>
[...]
</properties>
  <testcase name="validateUserCanLogoutFromTheirAccount" classname="com.naveenautomationlabs.PageTests.AccountLogOutTest" time="4.71"/>
  <testcase name="validateIfNewsletterCanBeSubscribed" classname="com.naveenautomationlabs.PageTests.NewsletterPageTest" time="4.271"/>
  <testcase name="validateIfNewsletterCanBeUnSubscribed" classname="com.naveenautomationlabs.PageTests.NewsletterPageTest" time="7.663"/>
  <testcase name="validateIfAnUserCanAddANewAddressToAddressBook" classname="com.naveenautomationlabs.PageTests.AddressBookPageTest" time="10.481"/>
  <testcase name="validateIfAnUserCanDeleteAnExistingAddressInAddressBook" classname="com.naveenautomationlabs.PageTests.AddressBookPageTest" time="6.178"/>
  <testcase name="validateIfUserCanEditAnExistingAddressInAddressBook" classname="com.naveenautomationlabs.PageTests.AddressBookPageTest" time="6.393"/>
  <testcase name="validateUserCanViewReturns" classname="com.naveenautomationlabs.PageTests.ProductReturnsTest" time="5.348"/>
  <testcase name="validateIfALoggedInUserCanSubmitAContactUsFormWithABlankEnquiry" classname="com.naveenautomationlabs.PageTests.ContactUsPageTest" time="5.846"/>
  <testcase name="validateIfALoggedInUserCanSubmitContactUs" classname="com.naveenautomationlabs.PageTests.ContactUsPageTest" time="9.876"/>
  <testcase name="validateIfAUserCanSubmitABlankContactUsFormWithoutLoggingIn" classname="com.naveenautomationlabs.PageTests.ContactUsPageTest" time="2.245"/>
  <testcase name="validateIfAUserCanSubmitAContactUsFormWithoutLoggingIn" classname="com.naveenautomationlabs.PageTests.ContactUsPageTest" time="5.914"/>
  <testcase name="validateUserCanEditName" classname="com.naveenautomationlabs.PageTests.EditAccountInfoTest" time="5.01"/>
  <testcase name="validateUserCanEditTelephone" classname="com.naveenautomationlabs.PageTests.EditAccountInfoTest" time="4.999"/>
  <testcase name="validateUserCannotRetreivePasswordOfAnInvalidEmail" classname="com.naveenautomationlabs.PageTests.ForgotYourPasswordTest" time="1.925"/>
  <testcase name="validateUserCanNavigateToHomepageAfterLoggingOut" classname="com.naveenautomationlabs.PageTests.HomePageTest" time="9.092"/>
  <testcase name="validateUserCanLoginWithValidCredentials" classname="com.naveenautomationlabs.PageTests.LoginTest" time="1.738"/>
  <testcase name="validateUserCannotLoginWithInvalidCredentials" classname="com.naveenautomationlabs.PageTests.LoginTest" time="3.941"/>
</testsuite>