<?xml version="1.0" encoding="UTF-8"?>
<testng-results ignored="0" total="1" passed="1" failed="0" skipped="0">
  <reporter-output>
  </reporter-output>
  <suite started-at="2023-11-15T11:37:14 EST" name="Default suite" finished-at="2023-11-15T11:37:26 EST" duration-ms="11746">
    <groups>
    </groups>
    <test started-at="2023-11-15T11:37:14 EST" name="Default test" finished-at="2023-11-15T11:37:26 EST" duration-ms="11746">
      <class name="com.naveenautomationlabs.PageTests.LaptopsAndNotebooksPageTest">
        <test-method is-config="true" signature="loggerSetup()[pri:0, instance:com.naveenautomationlabs.PageTests.LaptopsAndNotebooksPageTest@76a4ebf2]" started-at="2023-11-15T11:37:14 EST" name="loggerSetup" finished-at="2023-11-15T11:37:15 EST" duration-ms="253" status="PASS">
          <reporter-output>
          </reporter-output>
        </test-method> <!-- loggerSetup -->
        <test-method is-config="true" signature="launch()[pri:0, instance:com.naveenautomationlabs.PageTests.LaptopsAndNotebooksPageTest@76a4ebf2]" started-at="2023-11-15T11:37:15 EST" name="launch" finished-at="2023-11-15T11:37:22 EST" duration-ms="7341" status="PASS">
          <reporter-output>
          </reporter-output>
        </test-method> <!-- launch -->
        <test-method signature="validateIfWeCanToGridView()[pri:0, instance:com.naveenautomationlabs.PageTests.LaptopsAndNotebooksPageTest@76a4ebf2]" started-at="2023-11-15T11:37:22 EST" name="validateIfWeCanToGridView" finished-at="2023-11-15T11:37:26 EST" duration-ms="4053" status="PASS">
          <reporter-output>
          </reporter-output>
        </test-method> <!-- validateIfWeCanToGridView -->
      </class> <!-- com.naveenautomationlabs.PageTests.LaptopsAndNotebooksPageTest -->
    </test> <!-- Default test -->
  </suite> <!-- Default suite -->
</testng-results>
