<?xml version="1.0" encoding="UTF-8"?>
<testng-results ignored="0" total="1" passed="1" failed="0" skipped="0">
  <reporter-output>
  </reporter-output>
  <suite started-at="2023-11-16T14:07:10 EST" name="Default suite" finished-at="2023-11-16T14:07:46 EST" duration-ms="36430">
    <groups>
    </groups>
    <test started-at="2023-11-16T14:07:10 EST" name="Default test" finished-at="2023-11-16T14:07:46 EST" duration-ms="36430">
      <class name="com.naveenautomationlabs.PageTests.RegistrationPageTest">
        <test-method is-config="true" signature="loggerSetup()[pri:0, instance:com.naveenautomationlabs.PageTests.RegistrationPageTest@53fe15ff]" started-at="2023-11-16T14:07:10 EST" name="loggerSetup" finished-at="2023-11-16T14:07:10 EST" duration-ms="403" status="PASS">
          <reporter-output>
          </reporter-output>
        </test-method> <!-- loggerSetup -->
        <test-method is-config="true" signature="launch()[pri:0, instance:com.naveenautomationlabs.PageTests.RegistrationPageTest@53fe15ff]" started-at="2023-11-16T14:07:10 EST" name="launch" finished-at="2023-11-16T14:07:42 EST" duration-ms="32225" status="PASS">
          <reporter-output>
          </reporter-output>
        </test-method> <!-- launch -->
        <test-method signature="ValidateUserCannotRegisterwithoutCheckingTheAgreeToCheckbox()[pri:0, instance:com.naveenautomationlabs.PageTests.RegistrationPageTest@53fe15ff]" started-at="2023-11-16T14:07:42 EST" name="ValidateUserCannotRegisterwithoutCheckingTheAgreeToCheckbox" finished-at="2023-11-16T14:07:46 EST" duration-ms="3398" status="PASS">
          <reporter-output>
          </reporter-output>
        </test-method> <!-- ValidateUserCannotRegisterwithoutCheckingTheAgreeToCheckbox -->
        <test-method is-config="true" signature="quitBrowser()[pri:0, instance:com.naveenautomationlabs.PageTests.RegistrationPageTest@53fe15ff]" started-at="2023-11-16T14:07:46 EST" name="quitBrowser" finished-at="2023-11-16T14:07:46 EST" duration-ms="288" status="PASS">
          <reporter-output>
          </reporter-output>
        </test-method> <!-- quitBrowser -->
      </class> <!-- com.naveenautomationlabs.PageTests.RegistrationPageTest -->
    </test> <!-- Default test -->
  </suite> <!-- Default suite -->
</testng-results>
